<?xml version="1.0" encoding="UTF-8" ?>
<testsuites>
  <testsuite errors="1" failures="0" hostname="blrwks0043" id="0" name="screenShotsCapturing" package="SuiteRunner" tests="2" time="62.613" timestamp="2013-05-29T08:14:00">
      <properties>
[...]
</properties>

      <testcase classname="UserManagement.UserRegistration.UserRegistrationTestCasesForAddress.UserRegWithNoAddress.RegisterToXidioApplicationWithoutEnteringAddress" name="testRegisterToXidioApplicationWithoutEnteringAddress" time="39.318">
          <error message="Unable to locate element: {&quot;method&quot;:&quot;name&quot;,&quot;selector&quot;:&quot;user[first_name]&quot;} Command duration or timeout: 10.12 seconds For documentation on this error, please visit: http://seleniumhq.org/exceptions/no_such_element.html Build info: version: &apos;2.32.0&apos;, revision: &apos;6c40c18&apos;, time: &apos;2013-04-09 17:22:56&apos; System info: os.name: &apos;Windows 7&apos;, os.arch: &apos;amd64&apos;, os.version: &apos;6.1&apos;, java.version: &apos;1.6.0_45&apos; Session ID: b86e96c3-34e2-4fca-a526-419f2952659e Driver info: org.openqa.selenium.firefox.FirefoxDriver Capabilities [{platform=XP, acceptSslCerts=true, javascriptEnabled=true, browserName=firefox, rotatable=false, locationContextEnabled=true, version=21.0, cssSelectorsEnabled=true, databaseEnabled=true, handlesAlerts=true, browserConnectionEnabled=true, nativeEvents=true, webStorageEnabled=true, applicationCacheEnabled=true, takesScreenshot=true}]" type="org.openqa.selenium.NoSuchElementException">org.openqa.selenium.NoSuchElementException: Unable to locate element: {&quot;method&quot;:&quot;name&quot;,&quot;selector&quot;:&quot;user[first_name]&quot;}
Command duration or timeout: 10.12 seconds
For documentation on this error, please visit: http://seleniumhq.org/exceptions/no_such_element.html
Build info: version: &apos;2.32.0&apos;, revision: &apos;6c40c18&apos;, time: &apos;2013-04-09 17:22:56&apos;
System info: os.name: &apos;Windows 7&apos;, os.arch: &apos;amd64&apos;, os.version: &apos;6.1&apos;, java.version: &apos;1.6.0_45&apos;
Session ID: b86e96c3-34e2-4fca-a526-419f2952659e
Driver info: org.openqa.selenium.firefox.FirefoxDriver
Capabilities [{platform=XP, acceptSslCerts=true, javascriptEnabled=true, browserName=firefox, rotatable=false, locationContextEnabled=true, version=21.0, cssSelectorsEnabled=true, databaseEnabled=true, handlesAlerts=true, browserConnectionEnabled=true, nativeEvents=true, webStorageEnabled=true, applicationCacheEnabled=true, takesScreenshot=true}]
	at java.lang.reflect.Constructor.newInstance(Constructor.java:513)
	at org.openqa.selenium.remote.ErrorHandler.createThrowable(ErrorHandler.java:187)
	at org.openqa.selenium.remote.ErrorHandler.throwIfResponseFailed(ErrorHandler.java:145)
	at org.openqa.selenium.remote.RemoteWebDriver.execute(RemoteWebDriver.java:554)
	at org.openqa.selenium.remote.RemoteWebDriver.findElement(RemoteWebDriver.java:307)
	at org.openqa.selenium.remote.RemoteWebDriver.findElementByName(RemoteWebDriver.java:380)
	at org.openqa.selenium.By$ByName.findElement(By.java:292)
	at org.openqa.selenium.remote.RemoteWebDriver.findElement(RemoteWebDriver.java:299)
	at Core.UserManagement.UserRegistrationFunction.Scenario.UserRegistrationValidationFuncitons.validateAddress(UserRegistrationValidationFuncitons.java:56)
	at UserManagement.UserRegistration.UserRegistrationTestCasesForAddress.UserRegWithNoAddress.RegisterToXidioApplicationWithoutEnteringAddress.testRegisterToXidioApplicationWithoutEnteringAddress(RegisterToXidioApplicationWithoutEnteringAddress.java:24)
Caused by: org.openqa.selenium.remote.ErrorHandler$UnknownServerException: Unable to locate element: {&quot;method&quot;:&quot;name&quot;,&quot;selector&quot;:&quot;user[first_name]&quot;}
Build info: version: &apos;2.32.0&apos;, revision: &apos;6c40c18&apos;, time: &apos;2013-04-09 17:22:56&apos;
System info: os.name: &apos;Windows 7&apos;, os.arch: &apos;amd64&apos;, os.version: &apos;6.1&apos;, java.version: &apos;1.6.0_45&apos;
Driver info: driver.version: unknown
	at &lt;anonymous class&gt;.FirefoxDriver.prototype.findElementInternal_(file:///C:/Users/ANJUM~1.JAM/AppData/Local/Temp/anonymous2557537674411389072webdriver-profile/extensions/fxdriver@googlecode.com/components/driver_component.js:8405)
	at &lt;anonymous class&gt;.fxdriver.Timer.prototype.setTimeout/&lt;.notify(file:///C:/Users/ANJUM~1.JAM/AppData/Local/Temp/anonymous2557537674411389072webdriver-profile/extensions/fxdriver@googlecode.com/components/driver_component.js:386)
</error>

      </testcase>

      <testcase classname="UserManagement.UserRegistration.UserRegistrationTestCasesForMobileNumber.UserRegWithInvalidMobileNumber.RegisterToXidioApplicationByEnteringInValidMobileNumber" name="testRegisterToXidioApplicationByEnteringInValidMobileNumber" time="23.048" />

      <system-out><![CDATA[UserManagement.UserRegistration.UserRegistrationTestCasesForAddress.UserRegWithNoAddress.RegisterToXidioApplicationWithoutEnteringAddress
RegisterToXidioApplicationWithoutEnteringAddress
UserManagement.UserRegistration.UserRegistrationTestCasesForAddress.UserRegWithNoAddress.RegisterToXidioApplicationWithoutEnteringAddress
]]></system-out>

      <system-err />

  </testsuite>
</testsuites>
