<?xml version="1.0" encoding="UTF-8" ?>
<testsuite errors="0" failures="0" hostname="blrwks0043" name="SuiteRunner.runDemoTestSuite" tests="12" time="306.79" timestamp="2013-05-28T12:26:58">
  <properties>
[...]
</properties>
  <testcase classname="UserManagement.UserRegistration.UserRegistrationTestCasesForFirstName.UserRegWithNoFirstName.RegisterToXidioApplicationWithoutEnteringFirstName" name="testRegisterToXidioApplicationWithoutFirstName" time="18.938" />
  <testcase classname="UserManagement.UserRegistration.UserRegistrationTestCasesForEmail.UserRegWithNoEmailID.RegisterToXidioApplicationWithoutEnteringEmail" name="testRegisterToXidioApplicationWithoutEnteringEmail" time="17.989" />
  <testcase classname="UserManagement.UserRegistration.RegisterToXidioApplicationUsingValidCredentials" name="testUserRegistration" time="43.049" />
  <testcase classname="UserManagement.ProfileManagement.RegisteredUserTestCasesForChangePassword.ResetUserPasswordWithInvalidEmail.ResetTheXidioPasswordWithWrongEmail" name="testResetTheXidioPasswordWithWrongEmail" time="16.099" />
  <testcase classname="UserManagement.ProfileManagement.RegisteredUserTestCasesForChangePassword.ValidateCurrentUserPassWhileChangingPass.ValidateCurrentPasswordWhenChangingPassword" name="testValidateCurrentPasswordWhenChangingPassword" time="29.668" />
  <testcase classname="UserManagement.ProfileManagement.RegisteredUserTestCasesForChangePassword.ChangePassword.ChangeUserLoginPassword" name="testLoginToCamcast" time="18.488" />
  <testcase classname="VideoManagement.VideoSubscriptionManagement.PaidSubscriptionForVideo.SeachAndSubscribeVideo" name="testSearchVideoSubscriptionFeedback" time="34.305" />
  <testcase classname="VideoManagement.VideoSubscriptionManagement.PaidSubscriptionForVideo.UnsubscribeUserSubscribedVideo" name="testSearchSubscribedVideoAndUnsubscribe" time="27.404" />
  <testcase classname="UserManagement.ProfileManagement.RegisteredUserTestCasesForEditProfileDetails.ValidateFirstNameField.EditXidioFirstNameInProfileManagement" name="testEditXidioUserNameInProfileManagement" time="19.615" />
  <testcase classname="UserManagement.ProfileManagement.RegisteredUserTestCasesForChangePaymentInfo.ValidateChangePaymentInfoDetailsUpdatedSuccessfully" name="testUserProfileChanges" time="31.573" />
  <testcase classname="UserManagement.ProfileManagement.RegisteredUserTestCasesForChangePinCode.ChangePinCode" name="testChangePinCode" time="29.137" />
  <testcase classname="UserManagement.ProfileManagement.RegisteredUserTestCasesForChangeActivationCode.ChangeActivationCodeWithValidAC.ValidateUserActivationCodeUpdatesSuccessfully" name="testChangeActivationCode" time="20.23" />
  <system-out><![CDATA[]]></system-out>
  <system-err><![CDATA[]]></system-err>
</testsuite>
